<?xml version="1.0" encoding="UTF-8"?>
<testng-results ignored="0" total="1" passed="1" failed="0" skipped="0">
  <reporter-output>
  </reporter-output>
  <suite started-at="2025-03-13T15:50:37 IST" name="Default suite" finished-at="2025-03-13T15:50:48 IST" duration-ms="11228">
    <groups>
    </groups>
    <test started-at="2025-03-13T15:50:37 IST" name="Default test" finished-at="2025-03-13T15:50:48 IST" duration-ms="11228">
      <class name="practiceTest.JuninsCiCDTest">
        <test-method signature="CreateJobTest()[pri:0, instance:practiceTest.JuninsCiCDTest@3d2ee678]" started-at="2025-03-13T15:50:37 IST" name="CreateJobTest" finished-at="2025-03-13T15:50:48 IST" duration-ms="11159" status="PASS">
          <reporter-output>
          </reporter-output>
        </test-method> <!-- CreateJobTest -->
      </class> <!-- practiceTest.JuninsCiCDTest -->
    </test> <!-- Default test -->
  </suite> <!-- Default suite -->
</testng-results>
